0 verbose cli /usr/local/bin/node /usr/local/bin/npm
1 info using npm@10.8.2
2 info using node@v20.20.0
3 silly config load:file:/usr/local/lib/node_modules/npm/npmrc
4 silly config load:file:/app/.npmrc
5 silly config load:file:/.npmrc
6 silly config load:file:/usr/local/etc/npmrc
7 verbose title npm run dev
8 verbose argv "run" "dev"
9 verbose logfile logs-max:10 dir:/.npm/_logs/2026-01-18T13_51_56_931Z-
10 verbose logfile /.npm/_logs/2026-01-18T13_51_56_931Z-debug-0.log
11 silly logfile done cleaning log files
12 http fetch GET 200 https://registry.npmjs.org/npm 1172ms
13 verbose cwd /app
14 verbose os Linux 6.10.14-linuxkit
15 verbose node v20.20.0
16 verbose npm  v10.8.2
17 notice
17 notice New major version of npm available! 10.8.2 -> 11.7.0
17 notice Changelog: https://github.com/npm/cli/releases/tag/v11.7.0
17 notice To update run: npm install -g npm@11.7.0
17 notice  { force: true, [Symbol(proc-log.meta)]: true }
18 verbose exit 143
19 verbose code 143
