0 verbose cli /usr/local/bin/node /usr/local/bin/npm
1 info using npm@10.8.2
2 info using node@v20.20.0
3 silly config load:file:/usr/local/lib/node_modules/npm/npmrc
4 silly config load:file:/app/.npmrc
5 silly config load:file:/.npmrc
6 silly config load:file:/usr/local/etc/npmrc
7 verbose title npm run dev
8 verbose argv "run" "dev"
9 verbose logfile logs-max:10 dir:/.npm/_logs/2026-02-27T08_49_56_308Z-
10 verbose logfile /.npm/_logs/2026-02-27T08_49_56_308Z-debug-0.log
11 silly logfile start cleaning logs, removing 1 files
12 silly logfile done cleaning log files
13 http fetch GET 200 https://registry.npmjs.org/npm 402ms
14 verbose cwd /app
15 verbose os Linux 6.10.14-linuxkit
16 verbose node v20.20.0
17 verbose npm  v10.8.2
18 notice
18 notice New major version of npm available! 10.8.2 -> 11.11.0
18 notice Changelog: https://github.com/npm/cli/releases/tag/v11.11.0
18 notice To update run: npm install -g npm@11.11.0
18 notice  { force: true, [Symbol(proc-log.meta)]: true }
19 verbose exit 143
20 verbose code 143
