0 verbose cli /usr/local/bin/node /usr/local/lib/node_modules/npm/bin/npm-cli.js
1 info using npm@10.8.2
2 info using node@v20.20.0
3 silly config load:file:/usr/local/lib/node_modules/npm/npmrc
4 silly config load:file:/app/.npmrc
5 silly config load:file:/.npmrc
6 silly config load:file:/usr/local/etc/npmrc
7 verbose title npm exec nodemon
8 verbose argv "exec" "--" "nodemon"
9 verbose logfile logs-max:10 dir:/.npm/_logs/2026-02-04T01_21_19_196Z-
10 verbose logfile /.npm/_logs/2026-02-04T01_21_19_196Z-debug-0.log
11 silly logfile start cleaning logs, removing 1 files
12 silly logfile done cleaning log files
13 silly packumentCache heap:4345298944 maxSize:1086324736 maxEntrySize:543162368
14 http fetch GET 200 https://registry.npmjs.org/nodemon 352ms (cache revalidated)
15 silly packumentCache heap:4345298944 maxSize:1086324736 maxEntrySize:543162368
16 silly packumentCache heap:4345298944 maxSize:1086324736 maxEntrySize:543162368
17 verbose cwd /app
18 verbose os Linux 6.8.0-88-generic
19 verbose node v20.20.0
20 verbose npm  v10.8.2
21 verbose exit 143
22 verbose code 143
