0 verbose cli /usr/local/bin/node /usr/local/lib/node_modules/npm/bin/npm-cli.js
1 info using npm@10.8.2
2 info using node@v20.20.0
3 silly config load:file:/usr/local/lib/node_modules/npm/npmrc
4 silly config load:file:/app/.npmrc
5 silly config load:file:/.npmrc
6 silly config load:file:/usr/local/etc/npmrc
7 verbose title npm exec nodemon
8 verbose argv "exec" "--" "nodemon"
9 verbose logfile logs-max:10 dir:/.npm/_logs/2026-02-02T16_46_42_314Z-
10 verbose logfile /.npm/_logs/2026-02-02T16_46_42_314Z-debug-0.log
11 silly logfile start cleaning logs, removing 1 files
12 silly logfile done cleaning log files
13 silly packumentCache heap:4345298944 maxSize:1086324736 maxEntrySize:543162368
14 http fetch GET 200 https://registry.npmjs.org/nodemon 417ms (cache revalidated)
15 silly packumentCache heap:4345298944 maxSize:1086324736 maxEntrySize:543162368
16 silly packumentCache heap:4345298944 maxSize:1086324736 maxEntrySize:543162368
17 warn exec The following package was not found and will be installed: nodemon@3.1.11
18 silly idealTree buildDeps
19 silly fetch manifest nodemon@3.1.11
20 silly packumentCache full:https://registry.npmjs.org/nodemon cache-miss
21 http fetch GET 200 https://registry.npmjs.org/nodemon 1015ms (cache revalidated)
22 silly packumentCache full:https://registry.npmjs.org/nodemon set size:652205 disposed:false
23 silly placeDep ROOT nodemon@3.1.11 REPLACE for:  want: 3.1.11
24 silly reify moves {}
25 silly audit bulk request {
25 silly audit   anymatch: [ '3.1.3' ],
25 silly audit   'balanced-match': [ '1.0.2' ],
25 silly audit   'binary-extensions': [ '2.3.0' ],
25 silly audit   'brace-expansion': [ '1.1.12' ],
25 silly audit   braces: [ '3.0.3' ],
25 silly audit   chokidar: [ '3.6.0' ],
25 silly audit   'concat-map': [ '0.0.1' ],
25 silly audit   debug: [ '4.4.3' ],
25 silly audit   'fill-range': [ '7.1.1' ],
25 silly audit   fsevents: [ '2.3.3' ],
25 silly audit   'glob-parent': [ '5.1.2' ],
25 silly audit   'has-flag': [ '3.0.0' ],
25 silly audit   'ignore-by-default': [ '1.0.1' ],
25 silly audit   'is-binary-path': [ '2.1.0' ],
25 silly audit   'is-extglob': [ '2.1.1' ],
25 silly audit   'is-glob': [ '4.0.3' ],
25 silly audit   'is-number': [ '7.0.0' ],
25 silly audit   minimatch: [ '3.1.2' ],
25 silly audit   ms: [ '2.1.3' ],
25 silly audit   'normalize-path': [ '3.0.0' ],
25 silly audit   picomatch: [ '2.3.1' ],
25 silly audit   'pstree.remy': [ '1.1.8' ],
25 silly audit   readdirp: [ '3.6.0' ],
25 silly audit   semver: [ '7.7.3' ],
25 silly audit   'simple-update-notifier': [ '2.0.0' ],
25 silly audit   'supports-color': [ '5.5.0' ],
25 silly audit   'to-regex-range': [ '5.0.1' ],
25 silly audit   touch: [ '3.1.1' ],
25 silly audit   undefsafe: [ '2.0.5' ],
25 silly audit   nodemon: [ '3.1.11' ]
25 silly audit }
26 verbose reify failed optional dependency /.npm/_npx/c08057651e53e122/node_modules/fsevents
27 silly reify mark deleted [ '/.npm/_npx/c08057651e53e122/node_modules/fsevents' ]
28 http fetch POST 200 https://registry.npmjs.org/-/npm/v1/security/advisories/bulk 365ms
29 silly audit report {}
30 verbose cwd /app
31 verbose os Linux 6.8.0-88-generic
32 verbose node v20.20.0
33 verbose npm  v10.8.2
34 verbose exit 143
35 verbose code 143
