0 verbose cli /usr/local/bin/node /usr/local/lib/node_modules/npm/bin/npm-cli.js
1 info using npm@10.8.2
2 info using node@v20.20.0
3 silly config load:file:/usr/local/lib/node_modules/npm/npmrc
4 silly config load:file:/app/.npmrc
5 silly config load:file:/.npmrc
6 silly config load:file:/usr/local/etc/npmrc
7 verbose title npm exec nodemon
8 verbose argv "exec" "--" "nodemon"
9 verbose logfile logs-max:10 dir:/.npm/_logs/2026-02-16T06_59_41_084Z-
10 verbose logfile /.npm/_logs/2026-02-16T06_59_41_084Z-debug-0.log
11 silly logfile start cleaning logs, removing 1 files
12 silly logfile done cleaning log files
13 silly packumentCache heap:2197815296 maxSize:549453824 maxEntrySize:274726912
14 http fetch GET 200 https://registry.npmjs.org/nodemon 242ms (cache revalidated)
15 silly packumentCache heap:2197815296 maxSize:549453824 maxEntrySize:274726912
16 silly packumentCache heap:2197815296 maxSize:549453824 maxEntrySize:274726912
17 verbose cwd /app
18 verbose os Linux 6.10.14-linuxkit
19 verbose node v20.20.0
20 verbose npm  v10.8.2
21 verbose exit 143
22 verbose code 143
