0 verbose cli /usr/local/bin/node /usr/local/lib/node_modules/npm/bin/npm-cli.js
1 info using npm@10.8.2
2 info using node@v20.20.0
3 silly config load:file:/usr/local/lib/node_modules/npm/npmrc
4 silly config load:file:/app/.npmrc
5 silly config load:file:/.npmrc
6 silly config load:file:/usr/local/etc/npmrc
7 verbose title npm exec nodemon
8 verbose argv "exec" "--" "nodemon"
9 verbose logfile logs-max:10 dir:/.npm/_logs/2026-01-18T08_57_23_592Z-
10 verbose logfile /.npm/_logs/2026-01-18T08_57_23_592Z-debug-0.log
11 silly logfile done cleaning log files
12 silly packumentCache heap:2197815296 maxSize:549453824 maxEntrySize:274726912
13 http fetch GET 200 https://registry.npmjs.org/nodemon 457ms (cache miss)
14 silly packumentCache heap:2197815296 maxSize:549453824 maxEntrySize:274726912
15 silly packumentCache heap:2197815296 maxSize:549453824 maxEntrySize:274726912
16 warn exec The following package was not found and will be installed: nodemon@3.1.11
17 silly idealTree buildDeps
18 silly fetch manifest nodemon@3.1.11
19 silly packumentCache full:https://registry.npmjs.org/nodemon cache-miss
20 http fetch GET 200 https://registry.npmjs.org/nodemon 124ms (cache miss)
21 silly packumentCache full:https://registry.npmjs.org/nodemon set size:undefined disposed:false
22 silly placeDep ROOT nodemon@3.1.11 OK for:  want: 3.1.11
23 silly fetch manifest chokidar@^3.5.2
24 silly packumentCache full:https://registry.npmjs.org/chokidar cache-miss
25 silly fetch manifest debug@^4
26 silly packumentCache full:https://registry.npmjs.org/debug cache-miss
27 silly fetch manifest ignore-by-default@^1.0.1
28 silly packumentCache full:https://registry.npmjs.org/ignore-by-default cache-miss
29 silly fetch manifest minimatch@^3.1.2
30 silly packumentCache full:https://registry.npmjs.org/minimatch cache-miss
31 silly fetch manifest pstree.remy@^1.1.8
32 silly packumentCache full:https://registry.npmjs.org/pstree.remy cache-miss
33 silly fetch manifest semver@^7.5.3
34 silly packumentCache full:https://registry.npmjs.org/semver cache-miss
35 silly fetch manifest simple-update-notifier@^2.0.0
36 silly packumentCache full:https://registry.npmjs.org/simple-update-notifier cache-miss
37 silly fetch manifest supports-color@^5.5.0
38 silly packumentCache full:https://registry.npmjs.org/supports-color cache-miss
39 silly fetch manifest touch@^3.1.0
40 silly packumentCache full:https://registry.npmjs.org/touch cache-miss
41 http fetch GET 200 https://registry.npmjs.org/chokidar 91ms (cache miss)
42 silly packumentCache full:https://registry.npmjs.org/chokidar set size:undefined disposed:false
43 silly fetch manifest undefsafe@^2.0.5
44 silly packumentCache full:https://registry.npmjs.org/undefsafe cache-miss
45 http fetch GET 200 https://registry.npmjs.org/undefsafe 141ms (cache miss)
46 silly packumentCache full:https://registry.npmjs.org/undefsafe set size:undefined disposed:false
47 http fetch GET 200 https://registry.npmjs.org/pstree.remy 288ms (cache miss)
48 silly packumentCache full:https://registry.npmjs.org/pstree.remy set size:undefined disposed:false
49 http fetch GET 200 https://registry.npmjs.org/supports-color 310ms (cache miss)
50 silly packumentCache full:https://registry.npmjs.org/supports-color set size:undefined disposed:false
51 http fetch GET 200 https://registry.npmjs.org/semver 316ms (cache miss)
52 silly packumentCache full:https://registry.npmjs.org/semver set size:undefined disposed:false
53 http fetch GET 200 https://registry.npmjs.org/touch 320ms (cache miss)
54 silly packumentCache full:https://registry.npmjs.org/touch set size:undefined disposed:false
55 http fetch GET 200 https://registry.npmjs.org/ignore-by-default 323ms (cache miss)
56 silly packumentCache full:https://registry.npmjs.org/ignore-by-default set size:undefined disposed:false
57 http fetch GET 200 https://registry.npmjs.org/simple-update-notifier 325ms (cache miss)
58 silly packumentCache full:https://registry.npmjs.org/simple-update-notifier set size:undefined disposed:false
59 http fetch GET 200 https://registry.npmjs.org/minimatch 330ms (cache miss)
60 silly packumentCache full:https://registry.npmjs.org/minimatch set size:undefined disposed:false
61 http fetch GET 200 https://registry.npmjs.org/debug 335ms (cache miss)
62 silly packumentCache full:https://registry.npmjs.org/debug set size:undefined disposed:false
63 silly placeDep ROOT chokidar@3.6.0 OK for: nodemon@3.1.11 want: ^3.5.2
64 silly placeDep ROOT debug@4.4.3 OK for: nodemon@3.1.11 want: ^4
65 silly placeDep ROOT ignore-by-default@1.0.1 OK for: nodemon@3.1.11 want: ^1.0.1
66 silly placeDep ROOT minimatch@3.1.2 OK for: nodemon@3.1.11 want: ^3.1.2
67 silly placeDep ROOT pstree.remy@1.1.8 OK for: nodemon@3.1.11 want: ^1.1.8
68 silly placeDep ROOT semver@7.7.3 OK for: nodemon@3.1.11 want: ^7.5.3
69 silly placeDep ROOT simple-update-notifier@2.0.0 OK for: nodemon@3.1.11 want: ^2.0.0
70 silly placeDep ROOT supports-color@5.5.0 OK for: nodemon@3.1.11 want: ^5.5.0
71 silly placeDep ROOT touch@3.1.1 OK for: nodemon@3.1.11 want: ^3.1.0
72 silly placeDep ROOT undefsafe@2.0.5 OK for: nodemon@3.1.11 want: ^2.0.5
73 silly fetch manifest braces@~3.0.2
74 silly packumentCache full:https://registry.npmjs.org/braces cache-miss
75 silly fetch manifest is-glob@~4.0.1
76 silly packumentCache full:https://registry.npmjs.org/is-glob cache-miss
77 silly fetch manifest anymatch@~3.1.2
78 silly packumentCache full:https://registry.npmjs.org/anymatch cache-miss
79 silly fetch manifest readdirp@~3.6.0
80 silly packumentCache full:https://registry.npmjs.org/readdirp cache-miss
81 silly fetch manifest glob-parent@~5.1.2
82 silly packumentCache full:https://registry.npmjs.org/glob-parent cache-miss
83 silly fetch manifest is-binary-path@~2.1.0
84 silly packumentCache full:https://registry.npmjs.org/is-binary-path cache-miss
85 silly fetch manifest normalize-path@~3.0.0
86 silly packumentCache full:https://registry.npmjs.org/normalize-path cache-miss
87 silly fetch manifest fsevents@~2.3.2
88 silly packumentCache full:https://registry.npmjs.org/fsevents cache-miss
89 silly fetch manifest ms@^2.1.3
90 silly packumentCache full:https://registry.npmjs.org/ms cache-miss
91 http fetch GET 200 https://registry.npmjs.org/is-binary-path 104ms (cache miss)
92 silly packumentCache full:https://registry.npmjs.org/is-binary-path set size:undefined disposed:false
93 silly fetch manifest brace-expansion@^1.1.7
94 silly packumentCache full:https://registry.npmjs.org/brace-expansion cache-miss
95 http fetch GET 200 https://registry.npmjs.org/is-glob 110ms (cache miss)
96 silly packumentCache full:https://registry.npmjs.org/is-glob set size:undefined disposed:false
97 silly fetch manifest has-flag@^3.0.0
98 silly packumentCache full:https://registry.npmjs.org/has-flag cache-miss
99 http fetch GET 200 https://registry.npmjs.org/anymatch 113ms (cache miss)
100 silly packumentCache full:https://registry.npmjs.org/anymatch set size:undefined disposed:false
101 http fetch GET 200 https://registry.npmjs.org/normalize-path 112ms (cache miss)
102 silly packumentCache full:https://registry.npmjs.org/normalize-path set size:undefined disposed:false
103 http fetch GET 200 https://registry.npmjs.org/glob-parent 113ms (cache miss)
104 silly packumentCache full:https://registry.npmjs.org/glob-parent set size:undefined disposed:false
105 http fetch GET 200 https://registry.npmjs.org/braces 116ms (cache miss)
106 silly packumentCache full:https://registry.npmjs.org/braces set size:undefined disposed:false
107 http fetch GET 200 https://registry.npmjs.org/ms 116ms (cache miss)
108 silly packumentCache full:https://registry.npmjs.org/ms set size:undefined disposed:false
109 http fetch GET 200 https://registry.npmjs.org/readdirp 123ms (cache miss)
110 silly packumentCache full:https://registry.npmjs.org/readdirp set size:undefined disposed:false
111 http fetch GET 200 https://registry.npmjs.org/fsevents 123ms (cache miss)
112 silly packumentCache full:https://registry.npmjs.org/fsevents set size:undefined disposed:false
113 http fetch GET 200 https://registry.npmjs.org/brace-expansion 85ms (cache miss)
114 silly packumentCache full:https://registry.npmjs.org/brace-expansion set size:undefined disposed:false
115 http fetch GET 200 https://registry.npmjs.org/has-flag 87ms (cache miss)
116 silly packumentCache full:https://registry.npmjs.org/has-flag set size:undefined disposed:false
117 silly placeDep ROOT anymatch@3.1.3 OK for: chokidar@3.6.0 want: ~3.1.2
118 silly placeDep ROOT braces@3.0.3 OK for: chokidar@3.6.0 want: ~3.0.2
119 silly placeDep ROOT fsevents@2.3.3 OK for: chokidar@3.6.0 want: ~2.3.2
120 silly placeDep ROOT glob-parent@5.1.2 OK for: chokidar@3.6.0 want: ~5.1.2
121 silly placeDep ROOT is-binary-path@2.1.0 OK for: chokidar@3.6.0 want: ~2.1.0
122 silly placeDep ROOT is-glob@4.0.3 OK for: chokidar@3.6.0 want: ~4.0.1
123 silly placeDep ROOT normalize-path@3.0.0 OK for: chokidar@3.6.0 want: ~3.0.0
124 silly placeDep ROOT readdirp@3.6.0 OK for: chokidar@3.6.0 want: ~3.6.0
125 silly fetch manifest picomatch@^2.0.4
126 silly packumentCache full:https://registry.npmjs.org/picomatch cache-miss
127 silly fetch manifest normalize-path@^3.0.0
128 silly packumentCache full:https://registry.npmjs.org/normalize-path cache-miss
129 silly fetch manifest fill-range@^7.1.1
130 silly packumentCache full:https://registry.npmjs.org/fill-range cache-miss
131 silly fetch manifest is-glob@^4.0.1
132 silly packumentCache full:https://registry.npmjs.org/is-glob cache-miss
133 silly fetch manifest binary-extensions@^2.0.0
134 silly packumentCache full:https://registry.npmjs.org/binary-extensions cache-miss
135 silly fetch manifest is-extglob@^2.1.1
136 silly packumentCache full:https://registry.npmjs.org/is-extglob cache-miss
137 silly fetch manifest picomatch@^2.2.1
138 silly packumentCache full:https://registry.npmjs.org/picomatch cache-miss
139 http fetch GET 200 https://registry.npmjs.org/is-glob 10ms (cache hit)
140 silly packumentCache full:https://registry.npmjs.org/is-glob set size:40530 disposed:false
141 http fetch GET 200 https://registry.npmjs.org/normalize-path 11ms (cache hit)
142 silly packumentCache full:https://registry.npmjs.org/normalize-path set size:28713 disposed:false
143 http fetch GET 200 https://registry.npmjs.org/picomatch 86ms (cache miss)
144 silly packumentCache full:https://registry.npmjs.org/picomatch set size:undefined disposed:false
145 http fetch GET 200 https://registry.npmjs.org/is-extglob 88ms (cache miss)
146 silly packumentCache full:https://registry.npmjs.org/is-extglob set size:undefined disposed:false
147 http fetch GET 200 https://registry.npmjs.org/binary-extensions 89ms (cache miss)
148 silly packumentCache full:https://registry.npmjs.org/binary-extensions set size:undefined disposed:false
149 http fetch GET 200 https://registry.npmjs.org/picomatch 91ms (cache miss)
150 silly packumentCache full:https://registry.npmjs.org/picomatch set size:undefined disposed:false
151 http fetch GET 200 https://registry.npmjs.org/fill-range 94ms (cache miss)
152 silly packumentCache full:https://registry.npmjs.org/fill-range set size:undefined disposed:false
153 silly placeDep ROOT picomatch@2.3.1 OK for: anymatch@3.1.3 want: ^2.0.4
154 silly placeDep ROOT fill-range@7.1.1 OK for: braces@3.0.3 want: ^7.1.1
155 silly fetch manifest to-regex-range@^5.0.1
156 silly packumentCache full:https://registry.npmjs.org/to-regex-range cache-miss
157 http fetch GET 200 https://registry.npmjs.org/to-regex-range 102ms (cache miss)
158 silly packumentCache full:https://registry.npmjs.org/to-regex-range set size:undefined disposed:false
159 silly placeDep ROOT ms@2.1.3 OK for: debug@4.4.3 want: ^2.1.3
160 silly placeDep ROOT to-regex-range@5.0.1 OK for: fill-range@7.1.1 want: ^5.0.1
161 silly fetch manifest is-number@^7.0.0
162 silly packumentCache full:https://registry.npmjs.org/is-number cache-miss
163 http fetch GET 200 https://registry.npmjs.org/is-number 87ms (cache miss)
164 silly packumentCache full:https://registry.npmjs.org/is-number set size:undefined disposed:false
165 silly placeDep ROOT binary-extensions@2.3.0 OK for: is-binary-path@2.1.0 want: ^2.0.0
166 silly placeDep ROOT is-extglob@2.1.1 OK for: is-glob@4.0.3 want: ^2.1.1
167 silly placeDep ROOT brace-expansion@1.1.12 OK for: minimatch@3.1.2 want: ^1.1.7
168 silly fetch manifest balanced-match@^1.0.0
169 silly packumentCache full:https://registry.npmjs.org/balanced-match cache-miss
170 silly fetch manifest concat-map@0.0.1
171 silly packumentCache full:https://registry.npmjs.org/concat-map cache-miss
172 http fetch GET 200 https://registry.npmjs.org/concat-map 98ms (cache miss)
173 silly packumentCache full:https://registry.npmjs.org/concat-map set size:undefined disposed:false
174 http fetch GET 200 https://registry.npmjs.org/balanced-match 102ms (cache miss)
175 silly packumentCache full:https://registry.npmjs.org/balanced-match set size:undefined disposed:false
176 silly placeDep ROOT balanced-match@1.0.2 OK for: brace-expansion@1.1.12 want: ^1.0.0
177 silly placeDep ROOT concat-map@0.0.1 OK for: brace-expansion@1.1.12 want: 0.0.1
178 silly placeDep ROOT has-flag@3.0.0 OK for: supports-color@5.5.0 want: ^3.0.0
179 silly placeDep ROOT is-number@7.0.0 OK for: to-regex-range@5.0.1 want: ^7.0.0
180 silly reify moves {}
181 silly audit bulk request {
181 silly audit   nodemon: [ '3.1.11' ],
181 silly audit   chokidar: [ '3.6.0' ],
181 silly audit   debug: [ '4.4.3' ],
181 silly audit   'ignore-by-default': [ '1.0.1' ],
181 silly audit   minimatch: [ '3.1.2' ],
181 silly audit   'pstree.remy': [ '1.1.8' ],
181 silly audit   semver: [ '7.7.3' ],
181 silly audit   'simple-update-notifier': [ '2.0.0' ],
181 silly audit   'supports-color': [ '5.5.0' ],
181 silly audit   touch: [ '3.1.1' ],
181 silly audit   undefsafe: [ '2.0.5' ],
181 silly audit   anymatch: [ '3.1.3' ],
181 silly audit   braces: [ '3.0.3' ],
181 silly audit   fsevents: [ '2.3.3' ],
181 silly audit   'glob-parent': [ '5.1.2' ],
181 silly audit   'is-binary-path': [ '2.1.0' ],
181 silly audit   'is-glob': [ '4.0.3' ],
181 silly audit   'normalize-path': [ '3.0.0' ],
181 silly audit   readdirp: [ '3.6.0' ],
181 silly audit   picomatch: [ '2.3.1' ],
181 silly audit   'fill-range': [ '7.1.1' ],
181 silly audit   ms: [ '2.1.3' ],
181 silly audit   'to-regex-range': [ '5.0.1' ],
181 silly audit   'binary-extensions': [ '2.3.0' ],
181 silly audit   'is-extglob': [ '2.1.1' ],
181 silly audit   'brace-expansion': [ '1.1.12' ],
181 silly audit   'balanced-match': [ '1.0.2' ],
181 silly audit   'concat-map': [ '0.0.1' ],
181 silly audit   'has-flag': [ '3.0.0' ],
181 silly audit   'is-number': [ '7.0.0' ]
181 silly audit }
182 verbose reify failed optional dependency /.npm/_npx/c08057651e53e122/node_modules/fsevents
183 silly reify mark deleted [ '/.npm/_npx/c08057651e53e122/node_modules/fsevents' ]
184 silly tarball no local data for is-number@https://registry.npmjs.org/is-number/-/is-number-7.0.0.tgz. Extracting by manifest.
185 silly tarball no local data for balanced-match@https://registry.npmjs.org/balanced-match/-/balanced-match-1.0.2.tgz. Extracting by manifest.
186 silly tarball no local data for binary-extensions@https://registry.npmjs.org/binary-extensions/-/binary-extensions-2.3.0.tgz. Extracting by manifest.
187 silly tarball no local data for to-regex-range@https://registry.npmjs.org/to-regex-range/-/to-regex-range-5.0.1.tgz. Extracting by manifest.
188 silly tarball no local data for brace-expansion@https://registry.npmjs.org/brace-expansion/-/brace-expansion-1.1.12.tgz. Extracting by manifest.
189 silly tarball no local data for is-extglob@https://registry.npmjs.org/is-extglob/-/is-extglob-2.1.1.tgz. Extracting by manifest.
190 silly tarball no local data for has-flag@https://registry.npmjs.org/has-flag/-/has-flag-3.0.0.tgz. Extracting by manifest.
191 silly tarball no local data for picomatch@https://registry.npmjs.org/picomatch/-/picomatch-2.3.1.tgz. Extracting by manifest.
192 silly tarball no local data for normalize-path@https://registry.npmjs.org/normalize-path/-/normalize-path-3.0.0.tgz. Extracting by manifest.
193 silly tarball no local data for is-binary-path@https://registry.npmjs.org/is-binary-path/-/is-binary-path-2.1.0.tgz. Extracting by manifest.
194 silly tarball no local data for undefsafe@https://registry.npmjs.org/undefsafe/-/undefsafe-2.0.5.tgz. Extracting by manifest.
195 silly tarball no local data for anymatch@https://registry.npmjs.org/anymatch/-/anymatch-3.1.3.tgz. Extracting by manifest.
196 silly tarball no local data for touch@https://registry.npmjs.org/touch/-/touch-3.1.1.tgz. Extracting by manifest.
197 silly tarball no local data for braces@https://registry.npmjs.org/braces/-/braces-3.0.3.tgz. Extracting by manifest.
198 silly tarball no local data for supports-color@https://registry.npmjs.org/supports-color/-/supports-color-5.5.0.tgz. Extracting by manifest.
199 silly tarball no local data for semver@https://registry.npmjs.org/semver/-/semver-7.7.3.tgz. Extracting by manifest.
200 silly tarball no local data for pstree.remy@https://registry.npmjs.org/pstree.remy/-/pstree.remy-1.1.8.tgz. Extracting by manifest.
201 silly tarball no local data for simple-update-notifier@https://registry.npmjs.org/simple-update-notifier/-/simple-update-notifier-2.0.0.tgz. Extracting by manifest.
202 silly tarball no local data for minimatch@https://registry.npmjs.org/minimatch/-/minimatch-3.1.2.tgz. Extracting by manifest.
203 silly tarball no local data for debug@https://registry.npmjs.org/debug/-/debug-4.4.3.tgz. Extracting by manifest.
204 silly tarball no local data for fill-range@https://registry.npmjs.org/fill-range/-/fill-range-7.1.1.tgz. Extracting by manifest.
205 silly tarball no local data for chokidar@https://registry.npmjs.org/chokidar/-/chokidar-3.6.0.tgz. Extracting by manifest.
206 silly tarball no local data for concat-map@https://registry.npmjs.org/concat-map/-/concat-map-0.0.1.tgz. Extracting by manifest.
207 silly tarball no local data for is-glob@https://registry.npmjs.org/is-glob/-/is-glob-4.0.3.tgz. Extracting by manifest.
208 silly tarball no local data for ms@https://registry.npmjs.org/ms/-/ms-2.1.3.tgz. Extracting by manifest.
209 silly tarball no local data for glob-parent@https://registry.npmjs.org/glob-parent/-/glob-parent-5.1.2.tgz. Extracting by manifest.
210 silly tarball no local data for readdirp@https://registry.npmjs.org/readdirp/-/readdirp-3.6.0.tgz. Extracting by manifest.
211 silly tarball no local data for ignore-by-default@https://registry.npmjs.org/ignore-by-default/-/ignore-by-default-1.0.1.tgz. Extracting by manifest.
212 silly tarball no local data for nodemon@https://registry.npmjs.org/nodemon/-/nodemon-3.1.11.tgz. Extracting by manifest.
213 http fetch GET 200 https://registry.npmjs.org/undefsafe/-/undefsafe-2.0.5.tgz 169ms (cache miss)
214 http fetch GET 200 https://registry.npmjs.org/balanced-match/-/balanced-match-1.0.2.tgz 175ms (cache miss)
215 http fetch GET 200 https://registry.npmjs.org/to-regex-range/-/to-regex-range-5.0.1.tgz 176ms (cache miss)
216 http fetch GET 200 https://registry.npmjs.org/normalize-path/-/normalize-path-3.0.0.tgz 175ms (cache miss)
217 http fetch GET 200 https://registry.npmjs.org/is-number/-/is-number-7.0.0.tgz 179ms (cache miss)
218 http fetch GET 200 https://registry.npmjs.org/is-extglob/-/is-extglob-2.1.1.tgz 178ms (cache miss)
219 http fetch GET 200 https://registry.npmjs.org/binary-extensions/-/binary-extensions-2.3.0.tgz 180ms (cache miss)
220 http fetch GET 200 https://registry.npmjs.org/picomatch/-/picomatch-2.3.1.tgz 182ms (cache miss)
221 http fetch GET 200 https://registry.npmjs.org/has-flag/-/has-flag-3.0.0.tgz 205ms (cache miss)
222 http fetch GET 200 https://registry.npmjs.org/is-binary-path/-/is-binary-path-2.1.0.tgz 240ms (cache miss)
223 http fetch GET 200 https://registry.npmjs.org/fill-range/-/fill-range-7.1.1.tgz 248ms (cache miss)
224 http fetch GET 200 https://registry.npmjs.org/debug/-/debug-4.4.3.tgz 248ms (cache miss)
225 http fetch GET 200 https://registry.npmjs.org/minimatch/-/minimatch-3.1.2.tgz 265ms (cache miss)
226 http fetch GET 200 https://registry.npmjs.org/touch/-/touch-3.1.1.tgz 268ms (cache miss)
227 http fetch GET 200 https://registry.npmjs.org/simple-update-notifier/-/simple-update-notifier-2.0.0.tgz 267ms (cache miss)
228 http fetch GET 200 https://registry.npmjs.org/chokidar/-/chokidar-3.6.0.tgz 266ms (cache miss)
229 http fetch GET 200 https://registry.npmjs.org/concat-map/-/concat-map-0.0.1.tgz 275ms (cache miss)
230 http fetch GET 200 https://registry.npmjs.org/is-glob/-/is-glob-4.0.3.tgz 312ms (cache miss)
231 http fetch GET 200 https://registry.npmjs.org/anymatch/-/anymatch-3.1.3.tgz 319ms (cache miss)
232 http fetch GET 200 https://registry.npmjs.org/brace-expansion/-/brace-expansion-1.1.12.tgz 323ms (cache miss)
233 http fetch GET 200 https://registry.npmjs.org/pstree.remy/-/pstree.remy-1.1.8.tgz 319ms (cache miss)
234 http fetch GET 200 https://registry.npmjs.org/ms/-/ms-2.1.3.tgz 316ms (cache miss)
235 http fetch GET 200 https://registry.npmjs.org/braces/-/braces-3.0.3.tgz 325ms (cache miss)
236 http fetch GET 200 https://registry.npmjs.org/glob-parent/-/glob-parent-5.1.2.tgz 325ms (cache miss)
237 http fetch GET 200 https://registry.npmjs.org/ignore-by-default/-/ignore-by-default-1.0.1.tgz 332ms (cache miss)
238 http fetch GET 200 https://registry.npmjs.org/readdirp/-/readdirp-3.6.0.tgz 333ms (cache miss)
239 http fetch GET 200 https://registry.npmjs.org/supports-color/-/supports-color-5.5.0.tgz 357ms (cache miss)
240 http fetch POST 200 https://registry.npmjs.org/-/npm/v1/security/advisories/bulk 390ms
241 silly audit report {}
242 http fetch GET 200 https://registry.npmjs.org/nodemon/-/nodemon-3.1.11.tgz 376ms (cache miss)
243 http fetch GET 200 https://registry.npmjs.org/semver/-/semver-7.7.3.tgz 386ms (cache miss)
